2021-08-13 6:49:35 - PHP Warning:  mail(): Failed to connect to mailserver at &quot;localhost&quot; port 25, verify your &quot;SMTP&quot; and &quot;smtp_port&quot; setting in php.ini or use ini_set() in C:\xampp\htdocs\opencart\upload\system\library\mail\mail.php on line 77
2021-08-13 6:49:37 - PHP Warning:  mail(): Failed to connect to mailserver at &quot;localhost&quot; port 25, verify your &quot;SMTP&quot; and &quot;smtp_port&quot; setting in php.ini or use ini_set() in C:\xampp\htdocs\opencart\upload\system\library\mail\mail.php on line 77
2021-08-13 6:55:22 - PHP Warning:  mail(): Failed to connect to mailserver at &quot;localhost&quot; port 25, verify your &quot;SMTP&quot; and &quot;smtp_port&quot; setting in php.ini or use ini_set() in C:\xampp\htdocs\opencart\upload\system\library\mail\mail.php on line 77
2021-08-13 6:55:24 - PHP Warning:  mail(): Failed to connect to mailserver at &quot;localhost&quot; port 25, verify your &quot;SMTP&quot; and &quot;smtp_port&quot; setting in php.ini or use ini_set() in C:\xampp\htdocs\opencart\upload\system\library\mail\mail.php on line 77
2021-08-13 7:13:14 - PHP Warning:  mail(): Failed to connect to mailserver at &quot;localhost&quot; port 25, verify your &quot;SMTP&quot; and &quot;smtp_port&quot; setting in php.ini or use ini_set() in C:\xampp\htdocs\opencart\upload\system\library\mail\mail.php on line 77
2021-08-13 7:14:51 - PHP Warning:  mail(): Failed to connect to mailserver at &quot;localhost&quot; port 25, verify your &quot;SMTP&quot; and &quot;smtp_port&quot; setting in php.ini or use ini_set() in C:\xampp\htdocs\opencart\upload\system\library\mail\mail.php on line 77
2021-08-13 9:28:18 - PHP Warning:  Trying to access array offset on value of type bool in C:\xampp\htdocs\opencart\upload\catalog\controller\startup\startup.php on line 166
2021-08-13 9:28:18 - PHP Warning:  Trying to access array offset on value of type bool in C:\xampp\htdocs\opencart\upload\catalog\controller\startup\startup.php on line 166
2021-08-13 9:28:23 - PHP Warning:  Trying to access array offset on value of type bool in C:\xampp\htdocs\opencart\upload\catalog\controller\startup\startup.php on line 166
2021-08-13 9:28:23 - PHP Warning:  Trying to access array offset on value of type bool in C:\xampp\htdocs\opencart\upload\catalog\controller\startup\startup.php on line 166
2021-08-13 9:28:27 - PHP Warning:  Trying to access array offset on value of type bool in C:\xampp\htdocs\opencart\upload\catalog\controller\startup\startup.php on line 166
2021-08-13 9:28:27 - PHP Warning:  Trying to access array offset on value of type bool in C:\xampp\htdocs\opencart\upload\catalog\controller\startup\startup.php on line 166
2021-08-13 9:28:31 - PHP Warning:  Trying to access array offset on value of type bool in C:\xampp\htdocs\opencart\upload\catalog\controller\startup\startup.php on line 166
2021-08-13 9:28:31 - PHP Warning:  Trying to access array offset on value of type bool in C:\xampp\htdocs\opencart\upload\catalog\controller\startup\startup.php on line 166
2021-08-13 9:28:34 - PHP Warning:  Trying to access array offset on value of type bool in C:\xampp\htdocs\opencart\upload\catalog\controller\startup\startup.php on line 166
2021-08-13 9:28:34 - PHP Warning:  Trying to access array offset on value of type bool in C:\xampp\htdocs\opencart\upload\catalog\controller\startup\startup.php on line 166
2021-08-13 9:28:51 - PHP Warning:  Trying to access array offset on value of type bool in C:\xampp\htdocs\opencart\upload\catalog\controller\startup\startup.php on line 166
2021-08-13 9:28:51 - PHP Warning:  Trying to access array offset on value of type bool in C:\xampp\htdocs\opencart\upload\catalog\controller\startup\startup.php on line 166
2021-08-13 9:29:10 - PHP Warning:  Trying to access array offset on value of type bool in C:\xampp\htdocs\opencart\upload\catalog\controller\startup\startup.php on line 166
2021-08-13 9:29:10 - PHP Warning:  Trying to access array offset on value of type bool in C:\xampp\htdocs\opencart\upload\catalog\controller\startup\startup.php on line 166
2021-08-13 9:29:11 - PHP Warning:  Trying to access array offset on value of type bool in C:\xampp\htdocs\opencart\upload\catalog\controller\startup\startup.php on line 166
2021-08-13 9:29:11 - PHP Warning:  Trying to access array offset on value of type bool in C:\xampp\htdocs\opencart\upload\catalog\controller\startup\startup.php on line 166
2021-08-13 9:29:41 - PHP Warning:  Trying to access array offset on value of type bool in C:\xampp\htdocs\opencart\upload\catalog\controller\startup\startup.php on line 166
2021-08-13 9:29:41 - PHP Warning:  Trying to access array offset on value of type bool in C:\xampp\htdocs\opencart\upload\catalog\controller\startup\startup.php on line 166
2021-08-13 9:30:01 - PHP Warning:  Trying to access array offset on value of type bool in C:\xampp\htdocs\opencart\upload\catalog\controller\startup\startup.php on line 166
2021-08-13 9:30:01 - PHP Warning:  Trying to access array offset on value of type bool in C:\xampp\htdocs\opencart\upload\catalog\controller\startup\startup.php on line 166
2021-08-13 9:30:13 - PHP Warning:  Trying to access array offset on value of type bool in C:\xampp\htdocs\opencart\upload\catalog\controller\startup\startup.php on line 166
2021-08-13 9:30:13 - PHP Warning:  Trying to access array offset on value of type bool in C:\xampp\htdocs\opencart\upload\catalog\controller\startup\startup.php on line 166
2021-08-13 9:30:51 - PHP Warning:  Trying to access array offset on value of type bool in C:\xampp\htdocs\opencart\upload\catalog\controller\startup\startup.php on line 166
2021-08-13 9:30:51 - PHP Warning:  Trying to access array offset on value of type bool in C:\xampp\htdocs\opencart\upload\catalog\controller\startup\startup.php on line 166
2021-08-13 9:30:51 - PHP Warning:  Trying to access array offset on value of type bool in C:\xampp\htdocs\opencart\upload\catalog\controller\startup\startup.php on line 166
2021-08-13 9:30:51 - PHP Warning:  Trying to access array offset on value of type bool in C:\xampp\htdocs\opencart\upload\catalog\controller\startup\startup.php on line 166
2021-08-13 9:30:54 - PHP Warning:  Trying to access array offset on value of type bool in C:\xampp\htdocs\opencart\upload\catalog\controller\startup\startup.php on line 166
2021-08-13 9:30:54 - PHP Warning:  Trying to access array offset on value of type bool in C:\xampp\htdocs\opencart\upload\catalog\controller\startup\startup.php on line 166
2021-08-13 12:53:01 - PHP Unknown:  Required parameter $store_id follows optional parameter $product_ids in C:\xampp\htdocs\opencart\upload\admin\model\extension\advertise\google.php on line 341
2021-08-13 12:53:01 - PHP Unknown:  Required parameter $store_id follows optional parameter $data in C:\xampp\htdocs\opencart\upload\admin\model\extension\advertise\google.php on line 413
2021-08-14 15:14:13 - PHP Unknown:  Required parameter $store_id follows optional parameter $product_ids in C:\xampp\htdocs\opencart\upload\admin\model\extension\advertise\google.php on line 341
2021-08-14 15:14:13 - PHP Unknown:  Required parameter $store_id follows optional parameter $data in C:\xampp\htdocs\opencart\upload\admin\model\extension\advertise\google.php on line 413
2021-08-14 15:14:22 - PHP Unknown:  Required parameter $store_id follows optional parameter $product_ids in C:\xampp\htdocs\opencart\upload\admin\model\extension\advertise\google.php on line 341
2021-08-14 15:14:22 - PHP Unknown:  Required parameter $store_id follows optional parameter $data in C:\xampp\htdocs\opencart\upload\admin\model\extension\advertise\google.php on line 413
2021-08-14 15:33:19 - PHP Unknown:  Required parameter $store_id follows optional parameter $product_ids in C:\xampp\htdocs\opencart\upload\admin\model\extension\advertise\google.php on line 341
2021-08-14 15:33:19 - PHP Unknown:  Required parameter $store_id follows optional parameter $data in C:\xampp\htdocs\opencart\upload\admin\model\extension\advertise\google.php on line 413
2021-08-14 15:33:19 - PHP Warning:  googleshopping\Googleshopping::integer(): Argument #1 ($product_id) must be passed by reference, value given in C:\xampp\htdocs\opencart\upload\system\library\googleshopping\googleshopping.php on line 583
2021-08-14 15:33:19 - PHP Warning:  googleshopping\Googleshopping::integer(): Argument #1 ($product_id) must be passed by reference, value given in C:\xampp\htdocs\opencart\upload\system\library\googleshopping\googleshopping.php on line 583
2021-08-14 15:33:19 - PHP Warning:  googleshopping\Googleshopping::integer(): Argument #1 ($product_id) must be passed by reference, value given in C:\xampp\htdocs\opencart\upload\system\library\googleshopping\googleshopping.php on line 583
2021-08-14 15:33:19 - PHP Warning:  googleshopping\Googleshopping::integer(): Argument #1 ($product_id) must be passed by reference, value given in C:\xampp\htdocs\opencart\upload\system\library\googleshopping\googleshopping.php on line 583
2021-08-14 15:33:19 - PHP Warning:  googleshopping\Googleshopping::integer(): Argument #1 ($product_id) must be passed by reference, value given in C:\xampp\htdocs\opencart\upload\system\library\googleshopping\googleshopping.php on line 583
2021-08-14 15:33:19 - PHP Warning:  googleshopping\Googleshopping::integer(): Argument #1 ($product_id) must be passed by reference, value given in C:\xampp\htdocs\opencart\upload\system\library\googleshopping\googleshopping.php on line 583
2021-08-14 15:33:19 - PHP Warning:  googleshopping\Googleshopping::integer(): Argument #1 ($product_id) must be passed by reference, value given in C:\xampp\htdocs\opencart\upload\system\library\googleshopping\googleshopping.php on line 583
2021-08-14 15:33:19 - PHP Warning:  googleshopping\Googleshopping::integer(): Argument #1 ($product_id) must be passed by reference, value given in C:\xampp\htdocs\opencart\upload\system\library\googleshopping\googleshopping.php on line 583
2021-08-14 15:33:19 - PHP Warning:  googleshopping\Googleshopping::integer(): Argument #1 ($product_id) must be passed by reference, value given in C:\xampp\htdocs\opencart\upload\system\library\googleshopping\googleshopping.php on line 583
2021-08-14 15:33:19 - PHP Warning:  googleshopping\Googleshopping::integer(): Argument #1 ($product_id) must be passed by reference, value given in C:\xampp\htdocs\opencart\upload\system\library\googleshopping\googleshopping.php on line 583
2021-08-14 15:33:19 - PHP Warning:  googleshopping\Googleshopping::integer(): Argument #1 ($product_id) must be passed by reference, value given in C:\xampp\htdocs\opencart\upload\system\library\googleshopping\googleshopping.php on line 583
2021-08-14 15:33:19 - PHP Warning:  googleshopping\Googleshopping::integer(): Argument #1 ($product_id) must be passed by reference, value given in C:\xampp\htdocs\opencart\upload\system\library\googleshopping\googleshopping.php on line 583
2021-08-14 15:33:19 - PHP Warning:  googleshopping\Googleshopping::integer(): Argument #1 ($product_id) must be passed by reference, value given in C:\xampp\htdocs\opencart\upload\system\library\googleshopping\googleshopping.php on line 583
2021-08-14 15:33:19 - PHP Warning:  googleshopping\Googleshopping::integer(): Argument #1 ($product_id) must be passed by reference, value given in C:\xampp\htdocs\opencart\upload\system\library\googleshopping\googleshopping.php on line 583
2021-08-14 15:33:19 - PHP Warning:  googleshopping\Googleshopping::integer(): Argument #1 ($product_id) must be passed by reference, value given in C:\xampp\htdocs\opencart\upload\system\library\googleshopping\googleshopping.php on line 583
2021-08-14 15:33:19 - PHP Warning:  googleshopping\Googleshopping::integer(): Argument #1 ($product_id) must be passed by reference, value given in C:\xampp\htdocs\opencart\upload\system\library\googleshopping\googleshopping.php on line 583
2021-08-14 15:33:19 - PHP Warning:  googleshopping\Googleshopping::integer(): Argument #1 ($product_id) must be passed by reference, value given in C:\xampp\htdocs\opencart\upload\system\library\googleshopping\googleshopping.php on line 583
2021-08-14 15:33:19 - PHP Warning:  googleshopping\Googleshopping::integer(): Argument #1 ($product_id) must be passed by reference, value given in C:\xampp\htdocs\opencart\upload\system\library\googleshopping\googleshopping.php on line 583
2021-08-14 15:33:19 - PHP Warning:  googleshopping\Googleshopping::integer(): Argument #1 ($product_id) must be passed by reference, value given in C:\xampp\htdocs\opencart\upload\system\library\googleshopping\googleshopping.php on line 583
2021-08-14 15:33:19 - PHP Warning:  googleshopping\Googleshopping::integer(): Argument #1 ($product_id) must be passed by reference, value given in C:\xampp\htdocs\opencart\upload\system\library\googleshopping\googleshopping.php on line 583
2021-08-14 15:33:19 - PHP Warning:  googleshopping\Googleshopping::integer(): Argument #1 ($product_id) must be passed by reference, value given in C:\xampp\htdocs\opencart\upload\system\library\googleshopping\googleshopping.php on line 583
2021-08-14 15:33:19 - PHP Warning:  googleshopping\Googleshopping::integer(): Argument #1 ($product_id) must be passed by reference, value given in C:\xampp\htdocs\opencart\upload\system\library\googleshopping\googleshopping.php on line 583
2021-08-14 15:33:19 - PHP Warning:  googleshopping\Googleshopping::integer(): Argument #1 ($product_id) must be passed by reference, value given in C:\xampp\htdocs\opencart\upload\system\library\googleshopping\googleshopping.php on line 583
2021-08-14 15:33:19 - PHP Warning:  googleshopping\Googleshopping::integer(): Argument #1 ($product_id) must be passed by reference, value given in C:\xampp\htdocs\opencart\upload\system\library\googleshopping\googleshopping.php on line 583
2021-08-14 15:33:19 - PHP Warning:  googleshopping\Googleshopping::integer(): Argument #1 ($product_id) must be passed by reference, value given in C:\xampp\htdocs\opencart\upload\system\library\googleshopping\googleshopping.php on line 583
2021-08-14 15:33:19 - PHP Warning:  googleshopping\Googleshopping::integer(): Argument #1 ($product_id) must be passed by reference, value given in C:\xampp\htdocs\opencart\upload\system\library\googleshopping\googleshopping.php on line 583
2021-08-14 15:33:19 - PHP Warning:  googleshopping\Googleshopping::integer(): Argument #1 ($product_id) must be passed by reference, value given in C:\xampp\htdocs\opencart\upload\system\library\googleshopping\googleshopping.php on line 583
2021-08-14 15:33:19 - PHP Warning:  googleshopping\Googleshopping::integer(): Argument #1 ($product_id) must be passed by reference, value given in C:\xampp\htdocs\opencart\upload\system\library\googleshopping\googleshopping.php on line 583
2021-08-14 15:33:19 - PHP Warning:  googleshopping\Googleshopping::integer(): Argument #1 ($product_id) must be passed by reference, value given in C:\xampp\htdocs\opencart\upload\system\library\googleshopping\googleshopping.php on line 583
2021-08-14 15:33:19 - PHP Warning:  googleshopping\Googleshopping::integer(): Argument #1 ($product_id) must be passed by reference, value given in C:\xampp\htdocs\opencart\upload\system\library\googleshopping\googleshopping.php on line 583
2021-08-14 15:33:19 - PHP Warning:  googleshopping\Googleshopping::integer(): Argument #1 ($product_id) must be passed by reference, value given in C:\xampp\htdocs\opencart\upload\system\library\googleshopping\googleshopping.php on line 583
2021-08-14 15:33:19 - PHP Warning:  googleshopping\Googleshopping::integer(): Argument #1 ($product_id) must be passed by reference, value given in C:\xampp\htdocs\opencart\upload\system\library\googleshopping\googleshopping.php on line 583
2021-08-14 15:33:19 - PHP Warning:  googleshopping\Googleshopping::integer(): Argument #1 ($product_id) must be passed by reference, value given in C:\xampp\htdocs\opencart\upload\system\library\googleshopping\googleshopping.php on line 583
2021-08-14 15:33:19 - PHP Warning:  googleshopping\Googleshopping::integer(): Argument #1 ($product_id) must be passed by reference, value given in C:\xampp\htdocs\opencart\upload\system\library\googleshopping\googleshopping.php on line 583
2021-08-14 15:33:19 - PHP Warning:  googleshopping\Googleshopping::integer(): Argument #1 ($product_id) must be passed by reference, value given in C:\xampp\htdocs\opencart\upload\system\library\googleshopping\googleshopping.php on line 583
2021-08-14 15:33:19 - PHP Warning:  googleshopping\Googleshopping::integer(): Argument #1 ($product_id) must be passed by reference, value given in C:\xampp\htdocs\opencart\upload\system\library\googleshopping\googleshopping.php on line 583
2021-08-14 15:33:19 - PHP Warning:  googleshopping\Googleshopping::integer(): Argument #1 ($product_id) must be passed by reference, value given in C:\xampp\htdocs\opencart\upload\system\library\googleshopping\googleshopping.php on line 583
2021-08-14 15:33:19 - PHP Warning:  googleshopping\Googleshopping::integer(): Argument #1 ($product_id) must be passed by reference, value given in C:\xampp\htdocs\opencart\upload\system\library\googleshopping\googleshopping.php on line 583
2021-08-14 15:33:19 - PHP Warning:  googleshopping\Googleshopping::integer(): Argument #1 ($product_id) must be passed by reference, value given in C:\xampp\htdocs\opencart\upload\system\library\googleshopping\googleshopping.php on line 583
2021-08-14 15:33:19 - PHP Warning:  Cannot modify header information - headers already sent by (output started at C:\xampp\htdocs\opencart\upload\admin\controller\startup\error.php:34) in C:\xampp\htdocs\opencart\upload\system\library\response.php on line 36
2021-08-14 15:42:46 - PHP Unknown:  Required parameter $store_id follows optional parameter $product_ids in C:\xampp\htdocs\opencart\upload\admin\model\extension\advertise\google.php on line 341
2021-08-14 15:42:46 - PHP Unknown:  Required parameter $store_id follows optional parameter $data in C:\xampp\htdocs\opencart\upload\admin\model\extension\advertise\google.php on line 413
2021-08-14 15:42:46 - PHP Warning:  googleshopping\Googleshopping::integer(): Argument #1 ($product_id) must be passed by reference, value given in C:\xampp\htdocs\opencart\upload\system\library\googleshopping\googleshopping.php on line 583
2021-08-14 15:43:45 - PHP Unknown:  Required parameter $store_id follows optional parameter $product_ids in C:\xampp\htdocs\opencart\upload\admin\model\extension\advertise\google.php on line 341
2021-08-14 15:43:45 - PHP Unknown:  Required parameter $store_id follows optional parameter $data in C:\xampp\htdocs\opencart\upload\admin\model\extension\advertise\google.php on line 413
2021-08-14 15:43:45 - PHP Warning:  googleshopping\Googleshopping::integer(): Argument #1 ($product_id) must be passed by reference, value given in C:\xampp\htdocs\opencart\upload\system\library\googleshopping\googleshopping.php on line 583
2021-08-14 15:43:45 - PHP Warning:  googleshopping\Googleshopping::integer(): Argument #1 ($product_id) must be passed by reference, value given in C:\xampp\htdocs\opencart\upload\system\library\googleshopping\googleshopping.php on line 583
2021-08-14 15:43:45 - PHP Warning:  googleshopping\Googleshopping::integer(): Argument #1 ($product_id) must be passed by reference, value given in C:\xampp\htdocs\opencart\upload\system\library\googleshopping\googleshopping.php on line 583
2021-08-14 15:47:02 - PHP Unknown:  Required parameter $store_id follows optional parameter $product_ids in C:\xampp\htdocs\opencart\upload\admin\model\extension\advertise\google.php on line 341
2021-08-14 15:47:02 - PHP Unknown:  Required parameter $store_id follows optional parameter $data in C:\xampp\htdocs\opencart\upload\admin\model\extension\advertise\google.php on line 413
2021-08-14 15:47:02 - PHP Warning:  googleshopping\Googleshopping::integer(): Argument #1 ($product_id) must be passed by reference, value given in C:\xampp\htdocs\opencart\upload\system\library\googleshopping\googleshopping.php on line 583
2021-08-14 15:49:59 - PHP Unknown:  Required parameter $store_id follows optional parameter $product_ids in C:\xampp\htdocs\opencart\upload\admin\model\extension\advertise\google.php on line 341
2021-08-14 15:49:59 - PHP Unknown:  Required parameter $store_id follows optional parameter $data in C:\xampp\htdocs\opencart\upload\admin\model\extension\advertise\google.php on line 413
2021-08-14 15:49:59 - PHP Warning:  googleshopping\Googleshopping::integer(): Argument #1 ($product_id) must be passed by reference, value given in C:\xampp\htdocs\opencart\upload\system\library\googleshopping\googleshopping.php on line 583
2021-08-14 16:02:11 - PHP Unknown:  Required parameter $store_id follows optional parameter $product_ids in C:\xampp\htdocs\opencart\upload\admin\model\extension\advertise\google.php on line 341
2021-08-14 16:02:11 - PHP Unknown:  Required parameter $store_id follows optional parameter $data in C:\xampp\htdocs\opencart\upload\admin\model\extension\advertise\google.php on line 413
2021-08-14 16:02:11 - PHP Warning:  googleshopping\Googleshopping::integer(): Argument #1 ($product_id) must be passed by reference, value given in C:\xampp\htdocs\opencart\upload\system\library\googleshopping\googleshopping.php on line 583
2021-08-14 16:08:04 - PHP Unknown:  Required parameter $store_id follows optional parameter $product_ids in C:\xampp\htdocs\opencart\upload\admin\model\extension\advertise\google.php on line 341
2021-08-14 16:08:04 - PHP Unknown:  Required parameter $store_id follows optional parameter $data in C:\xampp\htdocs\opencart\upload\admin\model\extension\advertise\google.php on line 413
2021-08-14 16:08:04 - PHP Warning:  googleshopping\Googleshopping::integer(): Argument #1 ($product_id) must be passed by reference, value given in C:\xampp\htdocs\opencart\upload\system\library\googleshopping\googleshopping.php on line 583
2021-08-14 16:10:56 - PHP Unknown:  Required parameter $store_id follows optional parameter $product_ids in C:\xampp\htdocs\opencart\upload\admin\model\extension\advertise\google.php on line 341
2021-08-14 16:10:56 - PHP Unknown:  Required parameter $store_id follows optional parameter $data in C:\xampp\htdocs\opencart\upload\admin\model\extension\advertise\google.php on line 413
2021-08-14 16:10:56 - PHP Warning:  googleshopping\Googleshopping::integer(): Argument #1 ($product_id) must be passed by reference, value given in C:\xampp\htdocs\opencart\upload\system\library\googleshopping\googleshopping.php on line 583
2021-08-14 16:13:13 - PHP Unknown:  Required parameter $store_id follows optional parameter $product_ids in C:\xampp\htdocs\opencart\upload\admin\model\extension\advertise\google.php on line 341
2021-08-14 16:13:13 - PHP Unknown:  Required parameter $store_id follows optional parameter $data in C:\xampp\htdocs\opencart\upload\admin\model\extension\advertise\google.php on line 413
2021-08-14 16:13:13 - PHP Warning:  googleshopping\Googleshopping::integer(): Argument #1 ($product_id) must be passed by reference, value given in C:\xampp\htdocs\opencart\upload\system\library\googleshopping\googleshopping.php on line 583
2021-08-14 16:16:12 - PHP Unknown:  Required parameter $store_id follows optional parameter $product_ids in C:\xampp\htdocs\opencart\upload\admin\model\extension\advertise\google.php on line 341
2021-08-14 16:16:12 - PHP Unknown:  Required parameter $store_id follows optional parameter $data in C:\xampp\htdocs\opencart\upload\admin\model\extension\advertise\google.php on line 413
2021-08-14 16:16:12 - PHP Warning:  googleshopping\Googleshopping::integer(): Argument #1 ($product_id) must be passed by reference, value given in C:\xampp\htdocs\opencart\upload\system\library\googleshopping\googleshopping.php on line 583
2021-08-14 16:19:34 - PHP Unknown:  Required parameter $store_id follows optional parameter $product_ids in C:\xampp\htdocs\opencart\upload\admin\model\extension\advertise\google.php on line 341
2021-08-14 16:19:34 - PHP Unknown:  Required parameter $store_id follows optional parameter $data in C:\xampp\htdocs\opencart\upload\admin\model\extension\advertise\google.php on line 413
2021-08-14 16:19:34 - PHP Warning:  googleshopping\Googleshopping::integer(): Argument #1 ($product_id) must be passed by reference, value given in C:\xampp\htdocs\opencart\upload\system\library\googleshopping\googleshopping.php on line 583
2021-08-14 16:21:29 - PHP Unknown:  Required parameter $store_id follows optional parameter $product_ids in C:\xampp\htdocs\opencart\upload\admin\model\extension\advertise\google.php on line 341
2021-08-14 16:21:29 - PHP Unknown:  Required parameter $store_id follows optional parameter $data in C:\xampp\htdocs\opencart\upload\admin\model\extension\advertise\google.php on line 413
2021-08-14 16:21:29 - PHP Warning:  googleshopping\Googleshopping::integer(): Argument #1 ($product_id) must be passed by reference, value given in C:\xampp\htdocs\opencart\upload\system\library\googleshopping\googleshopping.php on line 583
2021-08-14 16:27:09 - PHP Unknown:  Required parameter $store_id follows optional parameter $product_ids in C:\xampp\htdocs\opencart\upload\admin\model\extension\advertise\google.php on line 341
2021-08-14 16:27:09 - PHP Unknown:  Required parameter $store_id follows optional parameter $data in C:\xampp\htdocs\opencart\upload\admin\model\extension\advertise\google.php on line 413
2021-08-14 16:27:09 - PHP Warning:  googleshopping\Googleshopping::integer(): Argument #1 ($product_id) must be passed by reference, value given in C:\xampp\htdocs\opencart\upload\system\library\googleshopping\googleshopping.php on line 583
2021-08-14 16:29:05 - PHP Unknown:  Required parameter $store_id follows optional parameter $product_ids in C:\xampp\htdocs\opencart\upload\admin\model\extension\advertise\google.php on line 341
2021-08-14 16:29:05 - PHP Unknown:  Required parameter $store_id follows optional parameter $data in C:\xampp\htdocs\opencart\upload\admin\model\extension\advertise\google.php on line 413
2021-08-14 16:29:05 - PHP Warning:  googleshopping\Googleshopping::integer(): Argument #1 ($product_id) must be passed by reference, value given in C:\xampp\htdocs\opencart\upload\system\library\googleshopping\googleshopping.php on line 583
2021-08-15 8:09:00 - PHP Warning:  mail(): Failed to connect to mailserver at &quot;localhost&quot; port 25, verify your &quot;SMTP&quot; and &quot;smtp_port&quot; setting in php.ini or use ini_set() in C:\xampp\htdocs\opencart\upload\system\library\mail\mail.php on line 77
2021-08-15 8:09:02 - PHP Warning:  mail(): Failed to connect to mailserver at &quot;localhost&quot; port 25, verify your &quot;SMTP&quot; and &quot;smtp_port&quot; setting in php.ini or use ini_set() in C:\xampp\htdocs\opencart\upload\system\library\mail\mail.php on line 77
2021-08-15 8:30:07 - PHP Warning:  mail(): Failed to connect to mailserver at &quot;localhost&quot; port 25, verify your &quot;SMTP&quot; and &quot;smtp_port&quot; setting in php.ini or use ini_set() in C:\xampp\htdocs\opencart\upload\system\library\mail\mail.php on line 77
2021-08-15 8:30:09 - PHP Warning:  mail(): Failed to connect to mailserver at &quot;localhost&quot; port 25, verify your &quot;SMTP&quot; and &quot;smtp_port&quot; setting in php.ini or use ini_set() in C:\xampp\htdocs\opencart\upload\system\library\mail\mail.php on line 77
2021-08-15 8:30:40 - PHP Warning:  mail(): Failed to connect to mailserver at &quot;localhost&quot; port 25, verify your &quot;SMTP&quot; and &quot;smtp_port&quot; setting in php.ini or use ini_set() in C:\xampp\htdocs\opencart\upload\system\library\mail\mail.php on line 77
2021-08-15 8:30:42 - PHP Warning:  mail(): Failed to connect to mailserver at &quot;localhost&quot; port 25, verify your &quot;SMTP&quot; and &quot;smtp_port&quot; setting in php.ini or use ini_set() in C:\xampp\htdocs\opencart\upload\system\library\mail\mail.php on line 77
2021-08-15 8:42:46 - PHP Warning:  mail(): Failed to connect to mailserver at &quot;localhost&quot; port 25, verify your &quot;SMTP&quot; and &quot;smtp_port&quot; setting in php.ini or use ini_set() in C:\xampp\htdocs\opencart\upload\system\library\mail\mail.php on line 77
2021-08-15 8:50:35 - PHP Warning:  mail(): Failed to connect to mailserver at &quot;localhost&quot; port 25, verify your &quot;SMTP&quot; and &quot;smtp_port&quot; setting in php.ini or use ini_set() in C:\xampp\htdocs\opencart\upload\system\library\mail\mail.php on line 77
2021-08-15 8:51:44 - PHP Warning:  mail(): Failed to connect to mailserver at &quot;localhost&quot; port 25, verify your &quot;SMTP&quot; and &quot;smtp_port&quot; setting in php.ini or use ini_set() in C:\xampp\htdocs\opencart\upload\system\library\mail\mail.php on line 77
2021-08-15 8:51:46 - PHP Warning:  mail(): Failed to connect to mailserver at &quot;localhost&quot; port 25, verify your &quot;SMTP&quot; and &quot;smtp_port&quot; setting in php.ini or use ini_set() in C:\xampp\htdocs\opencart\upload\system\library\mail\mail.php on line 77
2021-08-15 9:03:03 - PHP Warning:  mail(): Failed to connect to mailserver at &quot;localhost&quot; port 25, verify your &quot;SMTP&quot; and &quot;smtp_port&quot; setting in php.ini or use ini_set() in C:\xampp\htdocs\opencart\upload\system\library\mail\mail.php on line 77
2021-08-15 9:03:05 - PHP Warning:  mail(): Failed to connect to mailserver at &quot;localhost&quot; port 25, verify your &quot;SMTP&quot; and &quot;smtp_port&quot; setting in php.ini or use ini_set() in C:\xampp\htdocs\opencart\upload\system\library\mail\mail.php on line 77
2021-08-15 9:04:59 - PHP Warning:  mail(): Failed to connect to mailserver at &quot;localhost&quot; port 25, verify your &quot;SMTP&quot; and &quot;smtp_port&quot; setting in php.ini or use ini_set() in C:\xampp\htdocs\opencart\upload\system\library\mail\mail.php on line 77
2021-08-15 15:39:52 - PHP Warning:  Undefined array key "VND" in C:\xampp\htdocs\opencart\upload\system\library\cart\currency.php on line 25
2021-08-15 15:39:52 - PHP Warning:  Trying to access array offset on value of type null in C:\xampp\htdocs\opencart\upload\system\library\cart\currency.php on line 25
2021-08-15 15:39:52 - PHP Warning:  Undefined array key "VND" in C:\xampp\htdocs\opencart\upload\system\library\cart\currency.php on line 26
2021-08-15 15:39:52 - PHP Warning:  Trying to access array offset on value of type null in C:\xampp\htdocs\opencart\upload\system\library\cart\currency.php on line 26
2021-08-15 15:39:52 - PHP Warning:  Undefined array key "VND" in C:\xampp\htdocs\opencart\upload\system\library\cart\currency.php on line 27
2021-08-15 15:39:52 - PHP Warning:  Trying to access array offset on value of type null in C:\xampp\htdocs\opencart\upload\system\library\cart\currency.php on line 27
2021-08-15 15:39:52 - PHP Warning:  Undefined array key "VND" in C:\xampp\htdocs\opencart\upload\system\library\cart\currency.php on line 30
2021-08-15 15:39:52 - PHP Warning:  Trying to access array offset on value of type null in C:\xampp\htdocs\opencart\upload\system\library\cart\currency.php on line 30
2021-08-15 15:39:52 - PHP Warning:  Undefined array key "VND" in C:\xampp\htdocs\opencart\upload\system\library\cart\currency.php on line 25
2021-08-15 15:39:52 - PHP Warning:  Trying to access array offset on value of type null in C:\xampp\htdocs\opencart\upload\system\library\cart\currency.php on line 25
2021-08-15 15:39:52 - PHP Warning:  Undefined array key "VND" in C:\xampp\htdocs\opencart\upload\system\library\cart\currency.php on line 26
2021-08-15 15:39:52 - PHP Warning:  Trying to access array offset on value of type null in C:\xampp\htdocs\opencart\upload\system\library\cart\currency.php on line 26
2021-08-15 15:39:52 - PHP Warning:  Undefined array key "VND" in C:\xampp\htdocs\opencart\upload\system\library\cart\currency.php on line 27
2021-08-15 15:39:52 - PHP Warning:  Trying to access array offset on value of type null in C:\xampp\htdocs\opencart\upload\system\library\cart\currency.php on line 27
2021-08-15 15:39:52 - PHP Warning:  Undefined array key "VND" in C:\xampp\htdocs\opencart\upload\system\library\cart\currency.php on line 30
2021-08-15 15:39:52 - PHP Warning:  Trying to access array offset on value of type null in C:\xampp\htdocs\opencart\upload\system\library\cart\currency.php on line 30
2021-08-15 15:39:52 - PHP Warning:  Undefined array key "VND" in C:\xampp\htdocs\opencart\upload\system\library\cart\currency.php on line 25
2021-08-15 15:39:52 - PHP Warning:  Trying to access array offset on value of type null in C:\xampp\htdocs\opencart\upload\system\library\cart\currency.php on line 25
2021-08-15 15:39:52 - PHP Warning:  Undefined array key "VND" in C:\xampp\htdocs\opencart\upload\system\library\cart\currency.php on line 26
2021-08-15 15:39:52 - PHP Warning:  Trying to access array offset on value of type null in C:\xampp\htdocs\opencart\upload\system\library\cart\currency.php on line 26
2021-08-15 15:39:52 - PHP Warning:  Undefined array key "VND" in C:\xampp\htdocs\opencart\upload\system\library\cart\currency.php on line 27
2021-08-15 15:39:52 - PHP Warning:  Trying to access array offset on value of type null in C:\xampp\htdocs\opencart\upload\system\library\cart\currency.php on line 27
2021-08-15 15:39:52 - PHP Warning:  Undefined array key "VND" in C:\xampp\htdocs\opencart\upload\system\library\cart\currency.php on line 30
2021-08-15 15:39:52 - PHP Warning:  Trying to access array offset on value of type null in C:\xampp\htdocs\opencart\upload\system\library\cart\currency.php on line 30
2021-08-15 15:39:52 - PHP Warning:  Undefined array key "VND" in C:\xampp\htdocs\opencart\upload\system\library\cart\currency.php on line 25
2021-08-15 15:39:52 - PHP Warning:  Trying to access array offset on value of type null in C:\xampp\htdocs\opencart\upload\system\library\cart\currency.php on line 25
2021-08-15 15:39:52 - PHP Warning:  Undefined array key "VND" in C:\xampp\htdocs\opencart\upload\system\library\cart\currency.php on line 26
2021-08-15 15:39:52 - PHP Warning:  Trying to access array offset on value of type null in C:\xampp\htdocs\opencart\upload\system\library\cart\currency.php on line 26
2021-08-15 15:39:52 - PHP Warning:  Undefined array key "VND" in C:\xampp\htdocs\opencart\upload\system\library\cart\currency.php on line 27
2021-08-15 15:39:52 - PHP Warning:  Trying to access array offset on value of type null in C:\xampp\htdocs\opencart\upload\system\library\cart\currency.php on line 27
2021-08-15 15:39:52 - PHP Warning:  Undefined array key "VND" in C:\xampp\htdocs\opencart\upload\system\library\cart\currency.php on line 30
2021-08-15 15:39:52 - PHP Warning:  Trying to access array offset on value of type null in C:\xampp\htdocs\opencart\upload\system\library\cart\currency.php on line 30
2021-08-15 15:39:52 - PHP Warning:  Undefined array key "VND" in C:\xampp\htdocs\opencart\upload\system\library\cart\currency.php on line 25
2021-08-15 15:39:52 - PHP Warning:  Trying to access array offset on value of type null in C:\xampp\htdocs\opencart\upload\system\library\cart\currency.php on line 25
2021-08-15 15:39:52 - PHP Warning:  Undefined array key "VND" in C:\xampp\htdocs\opencart\upload\system\library\cart\currency.php on line 26
2021-08-15 15:39:52 - PHP Warning:  Trying to access array offset on value of type null in C:\xampp\htdocs\opencart\upload\system\library\cart\currency.php on line 26
2021-08-15 15:39:52 - PHP Warning:  Undefined array key "VND" in C:\xampp\htdocs\opencart\upload\system\library\cart\currency.php on line 27
2021-08-15 15:39:52 - PHP Warning:  Trying to access array offset on value of type null in C:\xampp\htdocs\opencart\upload\system\library\cart\currency.php on line 27
2021-08-15 15:39:52 - PHP Warning:  Undefined array key "VND" in C:\xampp\htdocs\opencart\upload\system\library\cart\currency.php on line 30
2021-08-15 15:39:52 - PHP Warning:  Trying to access array offset on value of type null in C:\xampp\htdocs\opencart\upload\system\library\cart\currency.php on line 30
2021-08-15 15:39:52 - PHP Warning:  Undefined array key "VND" in C:\xampp\htdocs\opencart\upload\system\library\cart\currency.php on line 25
2021-08-15 15:39:52 - PHP Warning:  Trying to access array offset on value of type null in C:\xampp\htdocs\opencart\upload\system\library\cart\currency.php on line 25
2021-08-15 15:39:52 - PHP Warning:  Undefined array key "VND" in C:\xampp\htdocs\opencart\upload\system\library\cart\currency.php on line 26
2021-08-15 15:39:52 - PHP Warning:  Trying to access array offset on value of type null in C:\xampp\htdocs\opencart\upload\system\library\cart\currency.php on line 26
2021-08-15 15:39:52 - PHP Warning:  Undefined array key "VND" in C:\xampp\htdocs\opencart\upload\system\library\cart\currency.php on line 27
2021-08-15 15:39:52 - PHP Warning:  Trying to access array offset on value of type null in C:\xampp\htdocs\opencart\upload\system\library\cart\currency.php on line 27
2021-08-15 15:39:52 - PHP Warning:  Undefined array key "VND" in C:\xampp\htdocs\opencart\upload\system\library\cart\currency.php on line 30
2021-08-15 15:39:52 - PHP Warning:  Trying to access array offset on value of type null in C:\xampp\htdocs\opencart\upload\system\library\cart\currency.php on line 30
2021-08-15 15:39:52 - PHP Warning:  Undefined array key "VND" in C:\xampp\htdocs\opencart\upload\system\library\cart\currency.php on line 25
2021-08-15 15:39:52 - PHP Warning:  Trying to access array offset on value of type null in C:\xampp\htdocs\opencart\upload\system\library\cart\currency.php on line 25
2021-08-15 15:39:52 - PHP Warning:  Undefined array key "VND" in C:\xampp\htdocs\opencart\upload\system\library\cart\currency.php on line 26
2021-08-15 15:39:52 - PHP Warning:  Trying to access array offset on value of type null in C:\xampp\htdocs\opencart\upload\system\library\cart\currency.php on line 26
2021-08-15 15:39:52 - PHP Warning:  Undefined array key "VND" in C:\xampp\htdocs\opencart\upload\system\library\cart\currency.php on line 27
2021-08-15 15:39:52 - PHP Warning:  Trying to access array offset on value of type null in C:\xampp\htdocs\opencart\upload\system\library\cart\currency.php on line 27
2021-08-15 15:39:52 - PHP Warning:  Undefined array key "VND" in C:\xampp\htdocs\opencart\upload\system\library\cart\currency.php on line 30
2021-08-15 15:39:52 - PHP Warning:  Trying to access array offset on value of type null in C:\xampp\htdocs\opencart\upload\system\library\cart\currency.php on line 30
2021-08-15 15:39:52 - PHP Warning:  Undefined array key "VND" in C:\xampp\htdocs\opencart\upload\system\library\cart\currency.php on line 25
2021-08-15 15:39:52 - PHP Warning:  Trying to access array offset on value of type null in C:\xampp\htdocs\opencart\upload\system\library\cart\currency.php on line 25
2021-08-15 15:39:52 - PHP Warning:  Undefined array key "VND" in C:\xampp\htdocs\opencart\upload\system\library\cart\currency.php on line 26
2021-08-15 15:39:52 - PHP Warning:  Trying to access array offset on value of type null in C:\xampp\htdocs\opencart\upload\system\library\cart\currency.php on line 26
2021-08-15 15:39:52 - PHP Warning:  Undefined array key "VND" in C:\xampp\htdocs\opencart\upload\system\library\cart\currency.php on line 27
2021-08-15 15:39:52 - PHP Warning:  Trying to access array offset on value of type null in C:\xampp\htdocs\opencart\upload\system\library\cart\currency.php on line 27
2021-08-15 15:39:52 - PHP Warning:  Undefined array key "VND" in C:\xampp\htdocs\opencart\upload\system\library\cart\currency.php on line 30
2021-08-15 15:39:52 - PHP Warning:  Trying to access array offset on value of type null in C:\xampp\htdocs\opencart\upload\system\library\cart\currency.php on line 30
2021-08-15 15:39:52 - PHP Warning:  Undefined array key "VND" in C:\xampp\htdocs\opencart\upload\system\library\cart\currency.php on line 25
2021-08-15 15:39:52 - PHP Warning:  Trying to access array offset on value of type null in C:\xampp\htdocs\opencart\upload\system\library\cart\currency.php on line 25
2021-08-15 15:39:52 - PHP Warning:  Undefined array key "VND" in C:\xampp\htdocs\opencart\upload\system\library\cart\currency.php on line 26
2021-08-15 15:39:52 - PHP Warning:  Trying to access array offset on value of type null in C:\xampp\htdocs\opencart\upload\system\library\cart\currency.php on line 26
2021-08-15 15:39:52 - PHP Warning:  Undefined array key "VND" in C:\xampp\htdocs\opencart\upload\system\library\cart\currency.php on line 27
2021-08-15 15:39:52 - PHP Warning:  Trying to access array offset on value of type null in C:\xampp\htdocs\opencart\upload\system\library\cart\currency.php on line 27
2021-08-15 15:39:52 - PHP Warning:  Undefined array key "VND" in C:\xampp\htdocs\opencart\upload\system\library\cart\currency.php on line 30
2021-08-15 15:39:52 - PHP Warning:  Trying to access array offset on value of type null in C:\xampp\htdocs\opencart\upload\system\library\cart\currency.php on line 30
2021-08-15 15:39:52 - PHP Warning:  Undefined array key "VND" in C:\xampp\htdocs\opencart\upload\system\library\cart\currency.php on line 25
2021-08-15 15:39:52 - PHP Warning:  Trying to access array offset on value of type null in C:\xampp\htdocs\opencart\upload\system\library\cart\currency.php on line 25
2021-08-15 15:39:52 - PHP Warning:  Undefined array key "VND" in C:\xampp\htdocs\opencart\upload\system\library\cart\currency.php on line 26
2021-08-15 15:39:52 - PHP Warning:  Trying to access array offset on value of type null in C:\xampp\htdocs\opencart\upload\system\library\cart\currency.php on line 26
2021-08-15 15:39:52 - PHP Warning:  Undefined array key "VND" in C:\xampp\htdocs\opencart\upload\system\library\cart\currency.php on line 27
2021-08-15 15:39:52 - PHP Warning:  Trying to access array offset on value of type null in C:\xampp\htdocs\opencart\upload\system\library\cart\currency.php on line 27
2021-08-15 15:39:52 - PHP Warning:  Undefined array key "VND" in C:\xampp\htdocs\opencart\upload\system\library\cart\currency.php on line 30
2021-08-15 15:39:52 - PHP Warning:  Trying to access array offset on value of type null in C:\xampp\htdocs\opencart\upload\system\library\cart\currency.php on line 30
2021-08-15 15:39:52 - PHP Warning:  Undefined array key "VND" in C:\xampp\htdocs\opencart\upload\system\library\cart\currency.php on line 25
2021-08-15 15:39:52 - PHP Warning:  Trying to access array offset on value of type null in C:\xampp\htdocs\opencart\upload\system\library\cart\currency.php on line 25
2021-08-15 15:39:52 - PHP Warning:  Undefined array key "VND" in C:\xampp\htdocs\opencart\upload\system\library\cart\currency.php on line 26
2021-08-15 15:39:52 - PHP Warning:  Trying to access array offset on value of type null in C:\xampp\htdocs\opencart\upload\system\library\cart\currency.php on line 26
2021-08-15 15:39:52 - PHP Warning:  Undefined array key "VND" in C:\xampp\htdocs\opencart\upload\system\library\cart\currency.php on line 27
2021-08-15 15:39:52 - PHP Warning:  Trying to access array offset on value of type null in C:\xampp\htdocs\opencart\upload\system\library\cart\currency.php on line 27
2021-08-15 15:39:52 - PHP Warning:  Undefined array key "VND" in C:\xampp\htdocs\opencart\upload\system\library\cart\currency.php on line 30
2021-08-15 15:39:52 - PHP Warning:  Trying to access array offset on value of type null in C:\xampp\htdocs\opencart\upload\system\library\cart\currency.php on line 30
2021-08-15 15:40:00 - PHP Warning:  Undefined array key "VND" in C:\xampp\htdocs\opencart\upload\system\library\cart\currency.php on line 25
2021-08-15 15:40:00 - PHP Warning:  Trying to access array offset on value of type null in C:\xampp\htdocs\opencart\upload\system\library\cart\currency.php on line 25
2021-08-15 15:40:00 - PHP Warning:  Undefined array key "VND" in C:\xampp\htdocs\opencart\upload\system\library\cart\currency.php on line 26
2021-08-15 15:40:00 - PHP Warning:  Trying to access array offset on value of type null in C:\xampp\htdocs\opencart\upload\system\library\cart\currency.php on line 26
2021-08-15 15:40:00 - PHP Warning:  Undefined array key "VND" in C:\xampp\htdocs\opencart\upload\system\library\cart\currency.php on line 27
2021-08-15 15:40:00 - PHP Warning:  Trying to access array offset on value of type null in C:\xampp\htdocs\opencart\upload\system\library\cart\currency.php on line 27
2021-08-15 15:40:00 - PHP Warning:  Undefined array key "VND" in C:\xampp\htdocs\opencart\upload\system\library\cart\currency.php on line 30
2021-08-15 15:40:00 - PHP Warning:  Trying to access array offset on value of type null in C:\xampp\htdocs\opencart\upload\system\library\cart\currency.php on line 30
2021-08-15 15:40:00 - PHP Warning:  Undefined array key "VND" in C:\xampp\htdocs\opencart\upload\system\library\cart\currency.php on line 25
2021-08-15 15:40:00 - PHP Warning:  Trying to access array offset on value of type null in C:\xampp\htdocs\opencart\upload\system\library\cart\currency.php on line 25
2021-08-15 15:40:00 - PHP Warning:  Undefined array key "VND" in C:\xampp\htdocs\opencart\upload\system\library\cart\currency.php on line 26
2021-08-15 15:40:00 - PHP Warning:  Trying to access array offset on value of type null in C:\xampp\htdocs\opencart\upload\system\library\cart\currency.php on line 26
2021-08-15 15:40:00 - PHP Warning:  Undefined array key "VND" in C:\xampp\htdocs\opencart\upload\system\library\cart\currency.php on line 27
2021-08-15 15:40:00 - PHP Warning:  Trying to access array offset on value of type null in C:\xampp\htdocs\opencart\upload\system\library\cart\currency.php on line 27
2021-08-15 15:40:00 - PHP Warning:  Undefined array key "VND" in C:\xampp\htdocs\opencart\upload\system\library\cart\currency.php on line 30
2021-08-15 15:40:00 - PHP Warning:  Trying to access array offset on value of type null in C:\xampp\htdocs\opencart\upload\system\library\cart\currency.php on line 30
2021-08-15 15:40:00 - PHP Warning:  Undefined array key "VND" in C:\xampp\htdocs\opencart\upload\system\library\cart\currency.php on line 25
2021-08-15 15:40:00 - PHP Warning:  Trying to access array offset on value of type null in C:\xampp\htdocs\opencart\upload\system\library\cart\currency.php on line 25
2021-08-15 15:40:00 - PHP Warning:  Undefined array key "VND" in C:\xampp\htdocs\opencart\upload\system\library\cart\currency.php on line 26
2021-08-15 15:40:00 - PHP Warning:  Trying to access array offset on value of type null in C:\xampp\htdocs\opencart\upload\system\library\cart\currency.php on line 26
2021-08-15 15:40:00 - PHP Warning:  Undefined array key "VND" in C:\xampp\htdocs\opencart\upload\system\library\cart\currency.php on line 27
2021-08-15 15:40:00 - PHP Warning:  Trying to access array offset on value of type null in C:\xampp\htdocs\opencart\upload\system\library\cart\currency.php on line 27
2021-08-15 15:40:00 - PHP Warning:  Undefined array key "VND" in C:\xampp\htdocs\opencart\upload\system\library\cart\currency.php on line 30
2021-08-15 15:40:00 - PHP Warning:  Trying to access array offset on value of type null in C:\xampp\htdocs\opencart\upload\system\library\cart\currency.php on line 30
2021-08-15 15:40:00 - PHP Warning:  Undefined array key "VND" in C:\xampp\htdocs\opencart\upload\system\library\cart\currency.php on line 25
2021-08-15 15:40:00 - PHP Warning:  Trying to access array offset on value of type null in C:\xampp\htdocs\opencart\upload\system\library\cart\currency.php on line 25
2021-08-15 15:40:00 - PHP Warning:  Undefined array key "VND" in C:\xampp\htdocs\opencart\upload\system\library\cart\currency.php on line 26
2021-08-15 15:40:00 - PHP Warning:  Trying to access array offset on value of type null in C:\xampp\htdocs\opencart\upload\system\library\cart\currency.php on line 26
2021-08-15 15:40:00 - PHP Warning:  Undefined array key "VND" in C:\xampp\htdocs\opencart\upload\system\library\cart\currency.php on line 27
2021-08-15 15:40:00 - PHP Warning:  Trying to access array offset on value of type null in C:\xampp\htdocs\opencart\upload\system\library\cart\currency.php on line 27
2021-08-15 15:40:00 - PHP Warning:  Undefined array key "VND" in C:\xampp\htdocs\opencart\upload\system\library\cart\currency.php on line 30
2021-08-15 15:40:00 - PHP Warning:  Trying to access array offset on value of type null in C:\xampp\htdocs\opencart\upload\system\library\cart\currency.php on line 30
2021-08-15 15:40:00 - PHP Warning:  Undefined array key "VND" in C:\xampp\htdocs\opencart\upload\system\library\cart\currency.php on line 25
2021-08-15 15:40:00 - PHP Warning:  Trying to access array offset on value of type null in C:\xampp\htdocs\opencart\upload\system\library\cart\currency.php on line 25
2021-08-15 15:40:00 - PHP Warning:  Undefined array key "VND" in C:\xampp\htdocs\opencart\upload\system\library\cart\currency.php on line 26
2021-08-15 15:40:00 - PHP Warning:  Trying to access array offset on value of type null in C:\xampp\htdocs\opencart\upload\system\library\cart\currency.php on line 26
2021-08-15 15:40:00 - PHP Warning:  Undefined array key "VND" in C:\xampp\htdocs\opencart\upload\system\library\cart\currency.php on line 27
2021-08-15 15:40:00 - PHP Warning:  Trying to access array offset on value of type null in C:\xampp\htdocs\opencart\upload\system\library\cart\currency.php on line 27
2021-08-15 15:40:00 - PHP Warning:  Undefined array key "VND" in C:\xampp\htdocs\opencart\upload\system\library\cart\currency.php on line 30
2021-08-15 15:40:00 - PHP Warning:  Trying to access array offset on value of type null in C:\xampp\htdocs\opencart\upload\system\library\cart\currency.php on line 30
2021-08-15 15:40:00 - PHP Warning:  Undefined array key "VND" in C:\xampp\htdocs\opencart\upload\system\library\cart\currency.php on line 25
2021-08-15 15:40:00 - PHP Warning:  Trying to access array offset on value of type null in C:\xampp\htdocs\opencart\upload\system\library\cart\currency.php on line 25
2021-08-15 15:40:00 - PHP Warning:  Undefined array key "VND" in C:\xampp\htdocs\opencart\upload\system\library\cart\currency.php on line 26
2021-08-15 15:40:00 - PHP Warning:  Trying to access array offset on value of type null in C:\xampp\htdocs\opencart\upload\system\library\cart\currency.php on line 26
2021-08-15 15:40:00 - PHP Warning:  Undefined array key "VND" in C:\xampp\htdocs\opencart\upload\system\library\cart\currency.php on line 27
2021-08-15 15:40:00 - PHP Warning:  Trying to access array offset on value of type null in C:\xampp\htdocs\opencart\upload\system\library\cart\currency.php on line 27
2021-08-15 15:40:00 - PHP Warning:  Undefined array key "VND" in C:\xampp\htdocs\opencart\upload\system\library\cart\currency.php on line 30
2021-08-15 15:40:00 - PHP Warning:  Trying to access array offset on value of type null in C:\xampp\htdocs\opencart\upload\system\library\cart\currency.php on line 30
2021-08-15 15:40:00 - PHP Warning:  Undefined array key "VND" in C:\xampp\htdocs\opencart\upload\system\library\cart\currency.php on line 25
2021-08-15 15:40:00 - PHP Warning:  Trying to access array offset on value of type null in C:\xampp\htdocs\opencart\upload\system\library\cart\currency.php on line 25
2021-08-15 15:40:00 - PHP Warning:  Undefined array key "VND" in C:\xampp\htdocs\opencart\upload\system\library\cart\currency.php on line 26
2021-08-15 15:40:00 - PHP Warning:  Trying to access array offset on value of type null in C:\xampp\htdocs\opencart\upload\system\library\cart\currency.php on line 26
2021-08-15 15:40:00 - PHP Warning:  Undefined array key "VND" in C:\xampp\htdocs\opencart\upload\system\library\cart\currency.php on line 27
2021-08-15 15:40:00 - PHP Warning:  Trying to access array offset on value of type null in C:\xampp\htdocs\opencart\upload\system\library\cart\currency.php on line 27
2021-08-15 15:40:00 - PHP Warning:  Undefined array key "VND" in C:\xampp\htdocs\opencart\upload\system\library\cart\currency.php on line 30
2021-08-15 15:40:00 - PHP Warning:  Trying to access array offset on value of type null in C:\xampp\htdocs\opencart\upload\system\library\cart\currency.php on line 30
2021-08-15 15:40:00 - PHP Warning:  Undefined array key "VND" in C:\xampp\htdocs\opencart\upload\system\library\cart\currency.php on line 25
2021-08-15 15:40:00 - PHP Warning:  Trying to access array offset on value of type null in C:\xampp\htdocs\opencart\upload\system\library\cart\currency.php on line 25
2021-08-15 15:40:00 - PHP Warning:  Undefined array key "VND" in C:\xampp\htdocs\opencart\upload\system\library\cart\currency.php on line 26
2021-08-15 15:40:00 - PHP Warning:  Trying to access array offset on value of type null in C:\xampp\htdocs\opencart\upload\system\library\cart\currency.php on line 26
2021-08-15 15:40:00 - PHP Warning:  Undefined array key "VND" in C:\xampp\htdocs\opencart\upload\system\library\cart\currency.php on line 27
2021-08-15 15:40:00 - PHP Warning:  Trying to access array offset on value of type null in C:\xampp\htdocs\opencart\upload\system\library\cart\currency.php on line 27
2021-08-15 15:40:00 - PHP Warning:  Undefined array key "VND" in C:\xampp\htdocs\opencart\upload\system\library\cart\currency.php on line 30
2021-08-15 15:40:00 - PHP Warning:  Trying to access array offset on value of type null in C:\xampp\htdocs\opencart\upload\system\library\cart\currency.php on line 30
2021-08-15 15:40:00 - PHP Warning:  Undefined array key "VND" in C:\xampp\htdocs\opencart\upload\system\library\cart\currency.php on line 25
2021-08-15 15:40:00 - PHP Warning:  Trying to access array offset on value of type null in C:\xampp\htdocs\opencart\upload\system\library\cart\currency.php on line 25
2021-08-15 15:40:00 - PHP Warning:  Undefined array key "VND" in C:\xampp\htdocs\opencart\upload\system\library\cart\currency.php on line 26
2021-08-15 15:40:00 - PHP Warning:  Trying to access array offset on value of type null in C:\xampp\htdocs\opencart\upload\system\library\cart\currency.php on line 26
2021-08-15 15:40:00 - PHP Warning:  Undefined array key "VND" in C:\xampp\htdocs\opencart\upload\system\library\cart\currency.php on line 27
2021-08-15 15:40:00 - PHP Warning:  Trying to access array offset on value of type null in C:\xampp\htdocs\opencart\upload\system\library\cart\currency.php on line 27
2021-08-15 15:40:00 - PHP Warning:  Undefined array key "VND" in C:\xampp\htdocs\opencart\upload\system\library\cart\currency.php on line 30
2021-08-15 15:40:00 - PHP Warning:  Trying to access array offset on value of type null in C:\xampp\htdocs\opencart\upload\system\library\cart\currency.php on line 30
2021-08-15 15:40:00 - PHP Warning:  Undefined array key "VND" in C:\xampp\htdocs\opencart\upload\system\library\cart\currency.php on line 25
2021-08-15 15:40:00 - PHP Warning:  Trying to access array offset on value of type null in C:\xampp\htdocs\opencart\upload\system\library\cart\currency.php on line 25
2021-08-15 15:40:00 - PHP Warning:  Undefined array key "VND" in C:\xampp\htdocs\opencart\upload\system\library\cart\currency.php on line 26
2021-08-15 15:40:00 - PHP Warning:  Trying to access array offset on value of type null in C:\xampp\htdocs\opencart\upload\system\library\cart\currency.php on line 26
2021-08-15 15:40:00 - PHP Warning:  Undefined array key "VND" in C:\xampp\htdocs\opencart\upload\system\library\cart\currency.php on line 27
2021-08-15 15:40:00 - PHP Warning:  Trying to access array offset on value of type null in C:\xampp\htdocs\opencart\upload\system\library\cart\currency.php on line 27
2021-08-15 15:40:00 - PHP Warning:  Undefined array key "VND" in C:\xampp\htdocs\opencart\upload\system\library\cart\currency.php on line 30
2021-08-15 15:40:00 - PHP Warning:  Trying to access array offset on value of type null in C:\xampp\htdocs\opencart\upload\system\library\cart\currency.php on line 30
2021-08-15 15:40:00 - PHP Warning:  Undefined array key "VND" in C:\xampp\htdocs\opencart\upload\system\library\cart\currency.php on line 25
2021-08-15 15:40:00 - PHP Warning:  Trying to access array offset on value of type null in C:\xampp\htdocs\opencart\upload\system\library\cart\currency.php on line 25
2021-08-15 15:40:00 - PHP Warning:  Undefined array key "VND" in C:\xampp\htdocs\opencart\upload\system\library\cart\currency.php on line 26
2021-08-15 15:40:00 - PHP Warning:  Trying to access array offset on value of type null in C:\xampp\htdocs\opencart\upload\system\library\cart\currency.php on line 26
2021-08-15 15:40:00 - PHP Warning:  Undefined array key "VND" in C:\xampp\htdocs\opencart\upload\system\library\cart\currency.php on line 27
2021-08-15 15:40:00 - PHP Warning:  Trying to access array offset on value of type null in C:\xampp\htdocs\opencart\upload\system\library\cart\currency.php on line 27
2021-08-15 15:40:00 - PHP Warning:  Undefined array key "VND" in C:\xampp\htdocs\opencart\upload\system\library\cart\currency.php on line 30
2021-08-15 15:40:00 - PHP Warning:  Trying to access array offset on value of type null in C:\xampp\htdocs\opencart\upload\system\library\cart\currency.php on line 30
